Started GET "/" for ::1 at 2019-10-24 08:44:11 -0700
  
PG::ConnectionBad (could not connect to server: No such file or directory
	Is the server running locally and accepting
	connections on Unix domain socket "/tmp/.s.PGSQL.5432"?
):
  
pg (1.1.4) lib/pg.rb:56:in `initialize'
pg (1.1.4) lib/pg.rb:56:in `new'
pg (1.1.4) lib/pg.rb:56:in `connect'
activerecord (6.0.0) lib/active_record/connection_adapters/postgresql_adapter.rb:46:in `postgresql_connection'
activerecord (6.0.0) lib/active_record/connection_adapters/abstract/connection_pool.rb:879:in `new_connection'
activerecord (6.0.0) lib/active_record/connection_adapters/abstract/connection_pool.rb:923:in `checkout_new_connection'
activerecord (6.0.0) lib/active_record/connection_adapters/abstract/connection_pool.rb:902:in `try_to_checkout_new_connection'
activerecord (6.0.0) lib/active_record/connection_adapters/abstract/connection_pool.rb:863:in `acquire_connection'
activerecord (6.0.0) lib/active_record/connection_adapters/abstract/connection_pool.rb:587:in `checkout'
activerecord (6.0.0) lib/active_record/connection_adapters/abstract/connection_pool.rb:431:in `connection'
activerecord (6.0.0) lib/active_record/connection_adapters/abstract/connection_pool.rb:1111:in `retrieve_connection'
activerecord (6.0.0) lib/active_record/connection_handling.rb:231:in `retrieve_connection'
activerecord (6.0.0) lib/active_record/connection_handling.rb:199:in `connection'
activerecord (6.0.0) lib/active_record/migration.rb:562:in `call'
actionpack (6.0.0) lib/action_dispatch/middleware/callbacks.rb:27:in `block in call'
activesupport (6.0.0) lib/active_support/callbacks.rb:101:in `run_callbacks'
actionpack (6.0.0) lib/action_dispatch/middleware/callbacks.rb:26:in `call'
actionpack (6.0.0) lib/action_dispatch/middleware/executor.rb:14:in `call'
actionpack (6.0.0) lib/action_dispatch/middleware/actionable_exceptions.rb:17:in `call'
actionpack (6.0.0) lib/action_dispatch/middleware/debug_exceptions.rb:32:in `call'
web-console (4.0.1) lib/web_console/middleware.rb:132:in `call_app'
web-console (4.0.1) lib/web_console/middleware.rb:28:in `block in call'
web-console (4.0.1) lib/web_console/middleware.rb:17:in `catch'
web-console (4.0.1) lib/web_console/middleware.rb:17:in `call'
actionpack (6.0.0) lib/action_dispatch/middleware/show_exceptions.rb:33:in `call'
railties (6.0.0) lib/rails/rack/logger.rb:38:in `call_app'
railties (6.0.0) lib/rails/rack/logger.rb:26:in `block in call'
activesupport (6.0.0) lib/active_support/tagged_logging.rb:80:in `block in tagged'
activesupport (6.0.0) lib/active_support/tagged_logging.rb:28:in `tagged'
activesupport (6.0.0) lib/active_support/tagged_logging.rb:80:in `tagged'
railties (6.0.0) lib/rails/rack/logger.rb:26:in `call'
sprockets-rails (3.2.1) lib/sprockets/rails/quiet_assets.rb:13:in `call'
actionpack (6.0.0) lib/action_dispatch/middleware/remote_ip.rb:81:in `call'
actionpack (6.0.0) lib/action_dispatch/middleware/request_id.rb:27:in `call'
rack (2.0.7) lib/rack/method_override.rb:22:in `call'
rack (2.0.7) lib/rack/runtime.rb:22:in `call'
activesupport (6.0.0) lib/active_support/cache/strategy/local_cache_middleware.rb:29:in `call'
actionpack (6.0.0) lib/action_dispatch/middleware/executor.rb:14:in `call'
actionpack (6.0.0) lib/action_dispatch/middleware/static.rb:126:in `call'
rack (2.0.7) lib/rack/sendfile.rb:111:in `call'
actionpack (6.0.0) lib/action_dispatch/middleware/host_authorization.rb:83:in `call'
webpacker (4.0.7) lib/webpacker/dev_server_proxy.rb:29:in `perform_request'
rack-proxy (0.6.5) lib/rack/proxy.rb:57:in `call'
railties (6.0.0) lib/rails/engine.rb:526:in `call'
puma (3.12.1) lib/puma/configuration.rb:227:in `call'
puma (3.12.1) lib/puma/server.rb:660:in `handle_request'
puma (3.12.1) lib/puma/server.rb:474:in `process_client'
puma (3.12.1) lib/puma/server.rb:334:in `block in run'
puma (3.12.1) lib/puma/thread_pool.rb:135:in `block in spawn_thread'
Started GET "/" for ::1 at 2019-10-24 08:44:15 -0700
  
PG::ConnectionBad (could not connect to server: No such file or directory
	Is the server running locally and accepting
	connections on Unix domain socket "/tmp/.s.PGSQL.5432"?
):
  
pg (1.1.4) lib/pg.rb:56:in `initialize'
pg (1.1.4) lib/pg.rb:56:in `new'
pg (1.1.4) lib/pg.rb:56:in `connect'
activerecord (6.0.0) lib/active_record/connection_adapters/postgresql_adapter.rb:46:in `postgresql_connection'
activerecord (6.0.0) lib/active_record/connection_adapters/abstract/connection_pool.rb:879:in `new_connection'
activerecord (6.0.0) lib/active_record/connection_adapters/abstract/connection_pool.rb:923:in `checkout_new_connection'
activerecord (6.0.0) lib/active_record/connection_adapters/abstract/connection_pool.rb:902:in `try_to_checkout_new_connection'
activerecord (6.0.0) lib/active_record/connection_adapters/abstract/connection_pool.rb:863:in `acquire_connection'
activerecord (6.0.0) lib/active_record/connection_adapters/abstract/connection_pool.rb:587:in `checkout'
activerecord (6.0.0) lib/active_record/connection_adapters/abstract/connection_pool.rb:431:in `connection'
activerecord (6.0.0) lib/active_record/connection_adapters/abstract/connection_pool.rb:1111:in `retrieve_connection'
activerecord (6.0.0) lib/active_record/connection_handling.rb:231:in `retrieve_connection'
activerecord (6.0.0) lib/active_record/connection_handling.rb:199:in `connection'
activerecord (6.0.0) lib/active_record/migration.rb:562:in `call'
actionpack (6.0.0) lib/action_dispatch/middleware/callbacks.rb:27:in `block in call'
activesupport (6.0.0) lib/active_support/callbacks.rb:101:in `run_callbacks'
actionpack (6.0.0) lib/action_dispatch/middleware/callbacks.rb:26:in `call'
actionpack (6.0.0) lib/action_dispatch/middleware/executor.rb:14:in `call'
actionpack (6.0.0) lib/action_dispatch/middleware/actionable_exceptions.rb:17:in `call'
actionpack (6.0.0) lib/action_dispatch/middleware/debug_exceptions.rb:32:in `call'
web-console (4.0.1) lib/web_console/middleware.rb:132:in `call_app'
web-console (4.0.1) lib/web_console/middleware.rb:28:in `block in call'
web-console (4.0.1) lib/web_console/middleware.rb:17:in `catch'
web-console (4.0.1) lib/web_console/middleware.rb:17:in `call'
actionpack (6.0.0) lib/action_dispatch/middleware/show_exceptions.rb:33:in `call'
railties (6.0.0) lib/rails/rack/logger.rb:38:in `call_app'
railties (6.0.0) lib/rails/rack/logger.rb:26:in `block in call'
activesupport (6.0.0) lib/active_support/tagged_logging.rb:80:in `block in tagged'
activesupport (6.0.0) lib/active_support/tagged_logging.rb:28:in `tagged'
activesupport (6.0.0) lib/active_support/tagged_logging.rb:80:in `tagged'
railties (6.0.0) lib/rails/rack/logger.rb:26:in `call'
sprockets-rails (3.2.1) lib/sprockets/rails/quiet_assets.rb:13:in `call'
actionpack (6.0.0) lib/action_dispatch/middleware/remote_ip.rb:81:in `call'
actionpack (6.0.0) lib/action_dispatch/middleware/request_id.rb:27:in `call'
rack (2.0.7) lib/rack/method_override.rb:22:in `call'
rack (2.0.7) lib/rack/runtime.rb:22:in `call'
activesupport (6.0.0) lib/active_support/cache/strategy/local_cache_middleware.rb:29:in `call'
actionpack (6.0.0) lib/action_dispatch/middleware/executor.rb:14:in `call'
actionpack (6.0.0) lib/action_dispatch/middleware/static.rb:126:in `call'
rack (2.0.7) lib/rack/sendfile.rb:111:in `call'
actionpack (6.0.0) lib/action_dispatch/middleware/host_authorization.rb:83:in `call'
webpacker (4.0.7) lib/webpacker/dev_server_proxy.rb:29:in `perform_request'
rack-proxy (0.6.5) lib/rack/proxy.rb:57:in `call'
railties (6.0.0) lib/rails/engine.rb:526:in `call'
puma (3.12.1) lib/puma/configuration.rb:227:in `call'
puma (3.12.1) lib/puma/server.rb:660:in `handle_request'
puma (3.12.1) lib/puma/server.rb:474:in `process_client'
puma (3.12.1) lib/puma/server.rb:334:in `block in run'
puma (3.12.1) lib/puma/thread_pool.rb:135:in `block in spawn_thread'
Started GET "/" for ::1 at 2019-10-24 08:48:29 -0700
  
PG::ConnectionBad (could not connect to server: No such file or directory
	Is the server running locally and accepting
	connections on Unix domain socket "/tmp/.s.PGSQL.5432"?
):
  
pg (1.1.4) lib/pg.rb:56:in `initialize'
pg (1.1.4) lib/pg.rb:56:in `new'
pg (1.1.4) lib/pg.rb:56:in `connect'
activerecord (6.0.0) lib/active_record/connection_adapters/postgresql_adapter.rb:46:in `postgresql_connection'
activerecord (6.0.0) lib/active_record/connection_adapters/abstract/connection_pool.rb:879:in `new_connection'
activerecord (6.0.0) lib/active_record/connection_adapters/abstract/connection_pool.rb:923:in `checkout_new_connection'
activerecord (6.0.0) lib/active_record/connection_adapters/abstract/connection_pool.rb:902:in `try_to_checkout_new_connection'
activerecord (6.0.0) lib/active_record/connection_adapters/abstract/connection_pool.rb:863:in `acquire_connection'
activerecord (6.0.0) lib/active_record/connection_adapters/abstract/connection_pool.rb:587:in `checkout'
activerecord (6.0.0) lib/active_record/connection_adapters/abstract/connection_pool.rb:431:in `connection'
activerecord (6.0.0) lib/active_record/connection_adapters/abstract/connection_pool.rb:1111:in `retrieve_connection'
activerecord (6.0.0) lib/active_record/connection_handling.rb:231:in `retrieve_connection'
activerecord (6.0.0) lib/active_record/connection_handling.rb:199:in `connection'
activerecord (6.0.0) lib/active_record/migration.rb:562:in `call'
actionpack (6.0.0) lib/action_dispatch/middleware/callbacks.rb:27:in `block in call'
activesupport (6.0.0) lib/active_support/callbacks.rb:101:in `run_callbacks'
actionpack (6.0.0) lib/action_dispatch/middleware/callbacks.rb:26:in `call'
actionpack (6.0.0) lib/action_dispatch/middleware/executor.rb:14:in `call'
actionpack (6.0.0) lib/action_dispatch/middleware/actionable_exceptions.rb:17:in `call'
actionpack (6.0.0) lib/action_dispatch/middleware/debug_exceptions.rb:32:in `call'
web-console (4.0.1) lib/web_console/middleware.rb:132:in `call_app'
web-console (4.0.1) lib/web_console/middleware.rb:28:in `block in call'
web-console (4.0.1) lib/web_console/middleware.rb:17:in `catch'
web-console (4.0.1) lib/web_console/middleware.rb:17:in `call'
actionpack (6.0.0) lib/action_dispatch/middleware/show_exceptions.rb:33:in `call'
railties (6.0.0) lib/rails/rack/logger.rb:38:in `call_app'
railties (6.0.0) lib/rails/rack/logger.rb:26:in `block in call'
activesupport (6.0.0) lib/active_support/tagged_logging.rb:80:in `block in tagged'
activesupport (6.0.0) lib/active_support/tagged_logging.rb:28:in `tagged'
activesupport (6.0.0) lib/active_support/tagged_logging.rb:80:in `tagged'
railties (6.0.0) lib/rails/rack/logger.rb:26:in `call'
sprockets-rails (3.2.1) lib/sprockets/rails/quiet_assets.rb:13:in `call'
actionpack (6.0.0) lib/action_dispatch/middleware/remote_ip.rb:81:in `call'
actionpack (6.0.0) lib/action_dispatch/middleware/request_id.rb:27:in `call'
rack (2.0.7) lib/rack/method_override.rb:22:in `call'
rack (2.0.7) lib/rack/runtime.rb:22:in `call'
activesupport (6.0.0) lib/active_support/cache/strategy/local_cache_middleware.rb:29:in `call'
actionpack (6.0.0) lib/action_dispatch/middleware/executor.rb:14:in `call'
actionpack (6.0.0) lib/action_dispatch/middleware/static.rb:126:in `call'
rack (2.0.7) lib/rack/sendfile.rb:111:in `call'
actionpack (6.0.0) lib/action_dispatch/middleware/host_authorization.rb:83:in `call'
webpacker (4.0.7) lib/webpacker/dev_server_proxy.rb:29:in `perform_request'
rack-proxy (0.6.5) lib/rack/proxy.rb:57:in `call'
railties (6.0.0) lib/rails/engine.rb:526:in `call'
puma (3.12.1) lib/puma/configuration.rb:227:in `call'
puma (3.12.1) lib/puma/server.rb:660:in `handle_request'
puma (3.12.1) lib/puma/server.rb:474:in `process_client'
puma (3.12.1) lib/puma/server.rb:334:in `block in run'
puma (3.12.1) lib/puma/thread_pool.rb:135:in `block in spawn_thread'
Started GET "/" for ::1 at 2019-10-24 08:48:30 -0700
  
PG::ConnectionBad (could not connect to server: No such file or directory
	Is the server running locally and accepting
	connections on Unix domain socket "/tmp/.s.PGSQL.5432"?
):
  
pg (1.1.4) lib/pg.rb:56:in `initialize'
pg (1.1.4) lib/pg.rb:56:in `new'
pg (1.1.4) lib/pg.rb:56:in `connect'
activerecord (6.0.0) lib/active_record/connection_adapters/postgresql_adapter.rb:46:in `postgresql_connection'
activerecord (6.0.0) lib/active_record/connection_adapters/abstract/connection_pool.rb:879:in `new_connection'
activerecord (6.0.0) lib/active_record/connection_adapters/abstract/connection_pool.rb:923:in `checkout_new_connection'
activerecord (6.0.0) lib/active_record/connection_adapters/abstract/connection_pool.rb:902:in `try_to_checkout_new_connection'
activerecord (6.0.0) lib/active_record/connection_adapters/abstract/connection_pool.rb:863:in `acquire_connection'
activerecord (6.0.0) lib/active_record/connection_adapters/abstract/connection_pool.rb:587:in `checkout'
activerecord (6.0.0) lib/active_record/connection_adapters/abstract/connection_pool.rb:431:in `connection'
activerecord (6.0.0) lib/active_record/connection_adapters/abstract/connection_pool.rb:1111:in `retrieve_connection'
activerecord (6.0.0) lib/active_record/connection_handling.rb:231:in `retrieve_connection'
activerecord (6.0.0) lib/active_record/connection_handling.rb:199:in `connection'
activerecord (6.0.0) lib/active_record/migration.rb:562:in `call'
actionpack (6.0.0) lib/action_dispatch/middleware/callbacks.rb:27:in `block in call'
activesupport (6.0.0) lib/active_support/callbacks.rb:101:in `run_callbacks'
actionpack (6.0.0) lib/action_dispatch/middleware/callbacks.rb:26:in `call'
actionpack (6.0.0) lib/action_dispatch/middleware/executor.rb:14:in `call'
actionpack (6.0.0) lib/action_dispatch/middleware/actionable_exceptions.rb:17:in `call'
actionpack (6.0.0) lib/action_dispatch/middleware/debug_exceptions.rb:32:in `call'
web-console (4.0.1) lib/web_console/middleware.rb:132:in `call_app'
web-console (4.0.1) lib/web_console/middleware.rb:28:in `block in call'
web-console (4.0.1) lib/web_console/middleware.rb:17:in `catch'
web-console (4.0.1) lib/web_console/middleware.rb:17:in `call'
actionpack (6.0.0) lib/action_dispatch/middleware/show_exceptions.rb:33:in `call'
railties (6.0.0) lib/rails/rack/logger.rb:38:in `call_app'
railties (6.0.0) lib/rails/rack/logger.rb:26:in `block in call'
activesupport (6.0.0) lib/active_support/tagged_logging.rb:80:in `block in tagged'
activesupport (6.0.0) lib/active_support/tagged_logging.rb:28:in `tagged'
activesupport (6.0.0) lib/active_support/tagged_logging.rb:80:in `tagged'
railties (6.0.0) lib/rails/rack/logger.rb:26:in `call'
sprockets-rails (3.2.1) lib/sprockets/rails/quiet_assets.rb:13:in `call'
actionpack (6.0.0) lib/action_dispatch/middleware/remote_ip.rb:81:in `call'
actionpack (6.0.0) lib/action_dispatch/middleware/request_id.rb:27:in `call'
rack (2.0.7) lib/rack/method_override.rb:22:in `call'
rack (2.0.7) lib/rack/runtime.rb:22:in `call'
activesupport (6.0.0) lib/active_support/cache/strategy/local_cache_middleware.rb:29:in `call'
actionpack (6.0.0) lib/action_dispatch/middleware/executor.rb:14:in `call'
actionpack (6.0.0) lib/action_dispatch/middleware/static.rb:126:in `call'
rack (2.0.7) lib/rack/sendfile.rb:111:in `call'
actionpack (6.0.0) lib/action_dispatch/middleware/host_authorization.rb:83:in `call'
webpacker (4.0.7) lib/webpacker/dev_server_proxy.rb:29:in `perform_request'
rack-proxy (0.6.5) lib/rack/proxy.rb:57:in `call'
railties (6.0.0) lib/rails/engine.rb:526:in `call'
puma (3.12.1) lib/puma/configuration.rb:227:in `call'
puma (3.12.1) lib/puma/server.rb:660:in `handle_request'
puma (3.12.1) lib/puma/server.rb:474:in `process_client'
puma (3.12.1) lib/puma/server.rb:334:in `block in run'
puma (3.12.1) lib/puma/thread_pool.rb:135:in `block in spawn_thread'
Started GET "/" for ::1 at 2019-10-24 08:48:31 -0700
  
PG::ConnectionBad (could not connect to server: No such file or directory
	Is the server running locally and accepting
	connections on Unix domain socket "/tmp/.s.PGSQL.5432"?
):
  
pg (1.1.4) lib/pg.rb:56:in `initialize'
pg (1.1.4) lib/pg.rb:56:in `new'
pg (1.1.4) lib/pg.rb:56:in `connect'
activerecord (6.0.0) lib/active_record/connection_adapters/postgresql_adapter.rb:46:in `postgresql_connection'
activerecord (6.0.0) lib/active_record/connection_adapters/abstract/connection_pool.rb:879:in `new_connection'
activerecord (6.0.0) lib/active_record/connection_adapters/abstract/connection_pool.rb:923:in `checkout_new_connection'
activerecord (6.0.0) lib/active_record/connection_adapters/abstract/connection_pool.rb:902:in `try_to_checkout_new_connection'
activerecord (6.0.0) lib/active_record/connection_adapters/abstract/connection_pool.rb:863:in `acquire_connection'
activerecord (6.0.0) lib/active_record/connection_adapters/abstract/connection_pool.rb:587:in `checkout'
activerecord (6.0.0) lib/active_record/connection_adapters/abstract/connection_pool.rb:431:in `connection'
activerecord (6.0.0) lib/active_record/connection_adapters/abstract/connection_pool.rb:1111:in `retrieve_connection'
activerecord (6.0.0) lib/active_record/connection_handling.rb:231:in `retrieve_connection'
activerecord (6.0.0) lib/active_record/connection_handling.rb:199:in `connection'
activerecord (6.0.0) lib/active_record/migration.rb:562:in `call'
actionpack (6.0.0) lib/action_dispatch/middleware/callbacks.rb:27:in `block in call'
activesupport (6.0.0) lib/active_support/callbacks.rb:101:in `run_callbacks'
actionpack (6.0.0) lib/action_dispatch/middleware/callbacks.rb:26:in `call'
actionpack (6.0.0) lib/action_dispatch/middleware/executor.rb:14:in `call'
actionpack (6.0.0) lib/action_dispatch/middleware/actionable_exceptions.rb:17:in `call'
actionpack (6.0.0) lib/action_dispatch/middleware/debug_exceptions.rb:32:in `call'
web-console (4.0.1) lib/web_console/middleware.rb:132:in `call_app'
web-console (4.0.1) lib/web_console/middleware.rb:28:in `block in call'
web-console (4.0.1) lib/web_console/middleware.rb:17:in `catch'
web-console (4.0.1) lib/web_console/middleware.rb:17:in `call'
actionpack (6.0.0) lib/action_dispatch/middleware/show_exceptions.rb:33:in `call'
railties (6.0.0) lib/rails/rack/logger.rb:38:in `call_app'
railties (6.0.0) lib/rails/rack/logger.rb:26:in `block in call'
activesupport (6.0.0) lib/active_support/tagged_logging.rb:80:in `block in tagged'
activesupport (6.0.0) lib/active_support/tagged_logging.rb:28:in `tagged'
activesupport (6.0.0) lib/active_support/tagged_logging.rb:80:in `tagged'
railties (6.0.0) lib/rails/rack/logger.rb:26:in `call'
sprockets-rails (3.2.1) lib/sprockets/rails/quiet_assets.rb:13:in `call'
actionpack (6.0.0) lib/action_dispatch/middleware/remote_ip.rb:81:in `call'
actionpack (6.0.0) lib/action_dispatch/middleware/request_id.rb:27:in `call'
rack (2.0.7) lib/rack/method_override.rb:22:in `call'
rack (2.0.7) lib/rack/runtime.rb:22:in `call'
activesupport (6.0.0) lib/active_support/cache/strategy/local_cache_middleware.rb:29:in `call'
actionpack (6.0.0) lib/action_dispatch/middleware/executor.rb:14:in `call'
actionpack (6.0.0) lib/action_dispatch/middleware/static.rb:126:in `call'
rack (2.0.7) lib/rack/sendfile.rb:111:in `call'
actionpack (6.0.0) lib/action_dispatch/middleware/host_authorization.rb:83:in `call'
webpacker (4.0.7) lib/webpacker/dev_server_proxy.rb:29:in `perform_request'
rack-proxy (0.6.5) lib/rack/proxy.rb:57:in `call'
railties (6.0.0) lib/rails/engine.rb:526:in `call'
puma (3.12.1) lib/puma/configuration.rb:227:in `call'
puma (3.12.1) lib/puma/server.rb:660:in `handle_request'
puma (3.12.1) lib/puma/server.rb:474:in `process_client'
puma (3.12.1) lib/puma/server.rb:334:in `block in run'
puma (3.12.1) lib/puma/thread_pool.rb:135:in `block in spawn_thread'
Started GET "/" for ::1 at 2019-10-24 08:48:32 -0700
  
PG::ConnectionBad (could not connect to server: No such file or directory
	Is the server running locally and accepting
	connections on Unix domain socket "/tmp/.s.PGSQL.5432"?
):
  
pg (1.1.4) lib/pg.rb:56:in `initialize'
pg (1.1.4) lib/pg.rb:56:in `new'
pg (1.1.4) lib/pg.rb:56:in `connect'
activerecord (6.0.0) lib/active_record/connection_adapters/postgresql_adapter.rb:46:in `postgresql_connection'
activerecord (6.0.0) lib/active_record/connection_adapters/abstract/connection_pool.rb:879:in `new_connection'
activerecord (6.0.0) lib/active_record/connection_adapters/abstract/connection_pool.rb:923:in `checkout_new_connection'
activerecord (6.0.0) lib/active_record/connection_adapters/abstract/connection_pool.rb:902:in `try_to_checkout_new_connection'
activerecord (6.0.0) lib/active_record/connection_adapters/abstract/connection_pool.rb:863:in `acquire_connection'
activerecord (6.0.0) lib/active_record/connection_adapters/abstract/connection_pool.rb:587:in `checkout'
activerecord (6.0.0) lib/active_record/connection_adapters/abstract/connection_pool.rb:431:in `connection'
activerecord (6.0.0) lib/active_record/connection_adapters/abstract/connection_pool.rb:1111:in `retrieve_connection'
activerecord (6.0.0) lib/active_record/connection_handling.rb:231:in `retrieve_connection'
activerecord (6.0.0) lib/active_record/connection_handling.rb:199:in `connection'
activerecord (6.0.0) lib/active_record/migration.rb:562:in `call'
actionpack (6.0.0) lib/action_dispatch/middleware/callbacks.rb:27:in `block in call'
activesupport (6.0.0) lib/active_support/callbacks.rb:101:in `run_callbacks'
actionpack (6.0.0) lib/action_dispatch/middleware/callbacks.rb:26:in `call'
actionpack (6.0.0) lib/action_dispatch/middleware/executor.rb:14:in `call'
actionpack (6.0.0) lib/action_dispatch/middleware/actionable_exceptions.rb:17:in `call'
actionpack (6.0.0) lib/action_dispatch/middleware/debug_exceptions.rb:32:in `call'
web-console (4.0.1) lib/web_console/middleware.rb:132:in `call_app'
web-console (4.0.1) lib/web_console/middleware.rb:28:in `block in call'
web-console (4.0.1) lib/web_console/middleware.rb:17:in `catch'
web-console (4.0.1) lib/web_console/middleware.rb:17:in `call'
actionpack (6.0.0) lib/action_dispatch/middleware/show_exceptions.rb:33:in `call'
railties (6.0.0) lib/rails/rack/logger.rb:38:in `call_app'
railties (6.0.0) lib/rails/rack/logger.rb:26:in `block in call'
activesupport (6.0.0) lib/active_support/tagged_logging.rb:80:in `block in tagged'
activesupport (6.0.0) lib/active_support/tagged_logging.rb:28:in `tagged'
activesupport (6.0.0) lib/active_support/tagged_logging.rb:80:in `tagged'
railties (6.0.0) lib/rails/rack/logger.rb:26:in `call'
sprockets-rails (3.2.1) lib/sprockets/rails/quiet_assets.rb:13:in `call'
actionpack (6.0.0) lib/action_dispatch/middleware/remote_ip.rb:81:in `call'
actionpack (6.0.0) lib/action_dispatch/middleware/request_id.rb:27:in `call'
rack (2.0.7) lib/rack/method_override.rb:22:in `call'
rack (2.0.7) lib/rack/runtime.rb:22:in `call'
activesupport (6.0.0) lib/active_support/cache/strategy/local_cache_middleware.rb:29:in `call'
actionpack (6.0.0) lib/action_dispatch/middleware/executor.rb:14:in `call'
actionpack (6.0.0) lib/action_dispatch/middleware/static.rb:126:in `call'
rack (2.0.7) lib/rack/sendfile.rb:111:in `call'
actionpack (6.0.0) lib/action_dispatch/middleware/host_authorization.rb:83:in `call'
webpacker (4.0.7) lib/webpacker/dev_server_proxy.rb:29:in `perform_request'
rack-proxy (0.6.5) lib/rack/proxy.rb:57:in `call'
railties (6.0.0) lib/rails/engine.rb:526:in `call'
puma (3.12.1) lib/puma/configuration.rb:227:in `call'
puma (3.12.1) lib/puma/server.rb:660:in `handle_request'
puma (3.12.1) lib/puma/server.rb:474:in `process_client'
puma (3.12.1) lib/puma/server.rb:334:in `block in run'
puma (3.12.1) lib/puma/thread_pool.rb:135:in `block in spawn_thread'
Started GET "/" for ::1 at 2019-10-24 08:51:25 -0700
  
PG::ConnectionBad (could not connect to server: No such file or directory
	Is the server running locally and accepting
	connections on Unix domain socket "/tmp/.s.PGSQL.5432"?
):
  
pg (1.1.4) lib/pg.rb:56:in `initialize'
pg (1.1.4) lib/pg.rb:56:in `new'
pg (1.1.4) lib/pg.rb:56:in `connect'
activerecord (6.0.0) lib/active_record/connection_adapters/postgresql_adapter.rb:46:in `postgresql_connection'
activerecord (6.0.0) lib/active_record/connection_adapters/abstract/connection_pool.rb:879:in `new_connection'
activerecord (6.0.0) lib/active_record/connection_adapters/abstract/connection_pool.rb:923:in `checkout_new_connection'
activerecord (6.0.0) lib/active_record/connection_adapters/abstract/connection_pool.rb:902:in `try_to_checkout_new_connection'
activerecord (6.0.0) lib/active_record/connection_adapters/abstract/connection_pool.rb:863:in `acquire_connection'
activerecord (6.0.0) lib/active_record/connection_adapters/abstract/connection_pool.rb:587:in `checkout'
activerecord (6.0.0) lib/active_record/connection_adapters/abstract/connection_pool.rb:431:in `connection'
activerecord (6.0.0) lib/active_record/connection_adapters/abstract/connection_pool.rb:1111:in `retrieve_connection'
activerecord (6.0.0) lib/active_record/connection_handling.rb:231:in `retrieve_connection'
activerecord (6.0.0) lib/active_record/connection_handling.rb:199:in `connection'
activerecord (6.0.0) lib/active_record/migration.rb:562:in `call'
actionpack (6.0.0) lib/action_dispatch/middleware/callbacks.rb:27:in `block in call'
activesupport (6.0.0) lib/active_support/callbacks.rb:101:in `run_callbacks'
actionpack (6.0.0) lib/action_dispatch/middleware/callbacks.rb:26:in `call'
actionpack (6.0.0) lib/action_dispatch/middleware/executor.rb:14:in `call'
actionpack (6.0.0) lib/action_dispatch/middleware/actionable_exceptions.rb:17:in `call'
actionpack (6.0.0) lib/action_dispatch/middleware/debug_exceptions.rb:32:in `call'
web-console (4.0.1) lib/web_console/middleware.rb:132:in `call_app'
web-console (4.0.1) lib/web_console/middleware.rb:28:in `block in call'
web-console (4.0.1) lib/web_console/middleware.rb:17:in `catch'
web-console (4.0.1) lib/web_console/middleware.rb:17:in `call'
actionpack (6.0.0) lib/action_dispatch/middleware/show_exceptions.rb:33:in `call'
railties (6.0.0) lib/rails/rack/logger.rb:38:in `call_app'
railties (6.0.0) lib/rails/rack/logger.rb:26:in `block in call'
activesupport (6.0.0) lib/active_support/tagged_logging.rb:80:in `block in tagged'
activesupport (6.0.0) lib/active_support/tagged_logging.rb:28:in `tagged'
activesupport (6.0.0) lib/active_support/tagged_logging.rb:80:in `tagged'
railties (6.0.0) lib/rails/rack/logger.rb:26:in `call'
sprockets-rails (3.2.1) lib/sprockets/rails/quiet_assets.rb:13:in `call'
actionpack (6.0.0) lib/action_dispatch/middleware/remote_ip.rb:81:in `call'
actionpack (6.0.0) lib/action_dispatch/middleware/request_id.rb:27:in `call'
rack (2.0.7) lib/rack/method_override.rb:22:in `call'
rack (2.0.7) lib/rack/runtime.rb:22:in `call'
activesupport (6.0.0) lib/active_support/cache/strategy/local_cache_middleware.rb:29:in `call'
actionpack (6.0.0) lib/action_dispatch/middleware/executor.rb:14:in `call'
actionpack (6.0.0) lib/action_dispatch/middleware/static.rb:126:in `call'
rack (2.0.7) lib/rack/sendfile.rb:111:in `call'
actionpack (6.0.0) lib/action_dispatch/middleware/host_authorization.rb:83:in `call'
webpacker (4.0.7) lib/webpacker/dev_server_proxy.rb:29:in `perform_request'
rack-proxy (0.6.5) lib/rack/proxy.rb:57:in `call'
railties (6.0.0) lib/rails/engine.rb:526:in `call'
puma (3.12.1) lib/puma/configuration.rb:227:in `call'
puma (3.12.1) lib/puma/server.rb:660:in `handle_request'
puma (3.12.1) lib/puma/server.rb:474:in `process_client'
puma (3.12.1) lib/puma/server.rb:334:in `block in run'
puma (3.12.1) lib/puma/thread_pool.rb:135:in `block in spawn_thread'
Started GET "/" for ::1 at 2019-10-24 09:05:20 -0700
  
PG::ConnectionBad (could not connect to server: No such file or directory
	Is the server running locally and accepting
	connections on Unix domain socket "/tmp/.s.PGSQL.5432"?
):
  
pg (1.1.4) lib/pg.rb:56:in `initialize'
pg (1.1.4) lib/pg.rb:56:in `new'
pg (1.1.4) lib/pg.rb:56:in `connect'
activerecord (6.0.0) lib/active_record/connection_adapters/postgresql_adapter.rb:46:in `postgresql_connection'
activerecord (6.0.0) lib/active_record/connection_adapters/abstract/connection_pool.rb:879:in `new_connection'
activerecord (6.0.0) lib/active_record/connection_adapters/abstract/connection_pool.rb:923:in `checkout_new_connection'
activerecord (6.0.0) lib/active_record/connection_adapters/abstract/connection_pool.rb:902:in `try_to_checkout_new_connection'
activerecord (6.0.0) lib/active_record/connection_adapters/abstract/connection_pool.rb:863:in `acquire_connection'
activerecord (6.0.0) lib/active_record/connection_adapters/abstract/connection_pool.rb:587:in `checkout'
activerecord (6.0.0) lib/active_record/connection_adapters/abstract/connection_pool.rb:431:in `connection'
activerecord (6.0.0) lib/active_record/connection_adapters/abstract/connection_pool.rb:1111:in `retrieve_connection'
activerecord (6.0.0) lib/active_record/connection_handling.rb:231:in `retrieve_connection'
activerecord (6.0.0) lib/active_record/connection_handling.rb:199:in `connection'
activerecord (6.0.0) lib/active_record/migration.rb:562:in `call'
actionpack (6.0.0) lib/action_dispatch/middleware/callbacks.rb:27:in `block in call'
activesupport (6.0.0) lib/active_support/callbacks.rb:101:in `run_callbacks'
actionpack (6.0.0) lib/action_dispatch/middleware/callbacks.rb:26:in `call'
actionpack (6.0.0) lib/action_dispatch/middleware/executor.rb:14:in `call'
actionpack (6.0.0) lib/action_dispatch/middleware/actionable_exceptions.rb:17:in `call'
actionpack (6.0.0) lib/action_dispatch/middleware/debug_exceptions.rb:32:in `call'
web-console (4.0.1) lib/web_console/middleware.rb:132:in `call_app'
web-console (4.0.1) lib/web_console/middleware.rb:28:in `block in call'
web-console (4.0.1) lib/web_console/middleware.rb:17:in `catch'
web-console (4.0.1) lib/web_console/middleware.rb:17:in `call'
actionpack (6.0.0) lib/action_dispatch/middleware/show_exceptions.rb:33:in `call'
railties (6.0.0) lib/rails/rack/logger.rb:38:in `call_app'
railties (6.0.0) lib/rails/rack/logger.rb:26:in `block in call'
activesupport (6.0.0) lib/active_support/tagged_logging.rb:80:in `block in tagged'
activesupport (6.0.0) lib/active_support/tagged_logging.rb:28:in `tagged'
activesupport (6.0.0) lib/active_support/tagged_logging.rb:80:in `tagged'
railties (6.0.0) lib/rails/rack/logger.rb:26:in `call'
sprockets-rails (3.2.1) lib/sprockets/rails/quiet_assets.rb:13:in `call'
actionpack (6.0.0) lib/action_dispatch/middleware/remote_ip.rb:81:in `call'
actionpack (6.0.0) lib/action_dispatch/middleware/request_id.rb:27:in `call'
rack (2.0.7) lib/rack/method_override.rb:22:in `call'
rack (2.0.7) lib/rack/runtime.rb:22:in `call'
activesupport (6.0.0) lib/active_support/cache/strategy/local_cache_middleware.rb:29:in `call'
actionpack (6.0.0) lib/action_dispatch/middleware/executor.rb:14:in `call'
actionpack (6.0.0) lib/action_dispatch/middleware/static.rb:126:in `call'
rack (2.0.7) lib/rack/sendfile.rb:111:in `call'
actionpack (6.0.0) lib/action_dispatch/middleware/host_authorization.rb:83:in `call'
webpacker (4.0.7) lib/webpacker/dev_server_proxy.rb:29:in `perform_request'
rack-proxy (0.6.5) lib/rack/proxy.rb:57:in `call'
railties (6.0.0) lib/rails/engine.rb:526:in `call'
puma (3.12.1) lib/puma/configuration.rb:227:in `call'
puma (3.12.1) lib/puma/server.rb:660:in `handle_request'
puma (3.12.1) lib/puma/server.rb:474:in `process_client'
puma (3.12.1) lib/puma/server.rb:334:in `block in run'
puma (3.12.1) lib/puma/thread_pool.rb:135:in `block in spawn_thread'
Started GET "/" for ::1 at 2019-10-24 12:17:15 -0700
  
ActiveRecord::NoDatabaseError (FATAL:  database "app_development" does not exist
):
  
activerecord (6.0.0) lib/active_record/connection_adapters/postgresql_adapter.rb:50:in `rescue in postgresql_connection'
activerecord (6.0.0) lib/active_record/connection_adapters/postgresql_adapter.rb:33:in `postgresql_connection'
activerecord (6.0.0) lib/active_record/connection_adapters/abstract/connection_pool.rb:879:in `new_connection'
activerecord (6.0.0) lib/active_record/connection_adapters/abstract/connection_pool.rb:923:in `checkout_new_connection'
activerecord (6.0.0) lib/active_record/connection_adapters/abstract/connection_pool.rb:902:in `try_to_checkout_new_connection'
activerecord (6.0.0) lib/active_record/connection_adapters/abstract/connection_pool.rb:863:in `acquire_connection'
activerecord (6.0.0) lib/active_record/connection_adapters/abstract/connection_pool.rb:587:in `checkout'
activerecord (6.0.0) lib/active_record/connection_adapters/abstract/connection_pool.rb:431:in `connection'
activerecord (6.0.0) lib/active_record/connection_adapters/abstract/connection_pool.rb:1111:in `retrieve_connection'
activerecord (6.0.0) lib/active_record/connection_handling.rb:231:in `retrieve_connection'
activerecord (6.0.0) lib/active_record/connection_handling.rb:199:in `connection'
activerecord (6.0.0) lib/active_record/migration.rb:562:in `call'
actionpack (6.0.0) lib/action_dispatch/middleware/callbacks.rb:27:in `block in call'
activesupport (6.0.0) lib/active_support/callbacks.rb:101:in `run_callbacks'
actionpack (6.0.0) lib/action_dispatch/middleware/callbacks.rb:26:in `call'
actionpack (6.0.0) lib/action_dispatch/middleware/executor.rb:14:in `call'
actionpack (6.0.0) lib/action_dispatch/middleware/actionable_exceptions.rb:17:in `call'
actionpack (6.0.0) lib/action_dispatch/middleware/debug_exceptions.rb:32:in `call'
web-console (4.0.1) lib/web_console/middleware.rb:132:in `call_app'
web-console (4.0.1) lib/web_console/middleware.rb:28:in `block in call'
web-console (4.0.1) lib/web_console/middleware.rb:17:in `catch'
web-console (4.0.1) lib/web_console/middleware.rb:17:in `call'
actionpack (6.0.0) lib/action_dispatch/middleware/show_exceptions.rb:33:in `call'
railties (6.0.0) lib/rails/rack/logger.rb:38:in `call_app'
railties (6.0.0) lib/rails/rack/logger.rb:26:in `block in call'
activesupport (6.0.0) lib/active_support/tagged_logging.rb:80:in `block in tagged'
activesupport (6.0.0) lib/active_support/tagged_logging.rb:28:in `tagged'
activesupport (6.0.0) lib/active_support/tagged_logging.rb:80:in `tagged'
railties (6.0.0) lib/rails/rack/logger.rb:26:in `call'
sprockets-rails (3.2.1) lib/sprockets/rails/quiet_assets.rb:13:in `call'
actionpack (6.0.0) lib/action_dispatch/middleware/remote_ip.rb:81:in `call'
actionpack (6.0.0) lib/action_dispatch/middleware/request_id.rb:27:in `call'
rack (2.0.7) lib/rack/method_override.rb:22:in `call'
rack (2.0.7) lib/rack/runtime.rb:22:in `call'
activesupport (6.0.0) lib/active_support/cache/strategy/local_cache_middleware.rb:29:in `call'
actionpack (6.0.0) lib/action_dispatch/middleware/executor.rb:14:in `call'
actionpack (6.0.0) lib/action_dispatch/middleware/static.rb:126:in `call'
rack (2.0.7) lib/rack/sendfile.rb:111:in `call'
actionpack (6.0.0) lib/action_dispatch/middleware/host_authorization.rb:83:in `call'
webpacker (4.0.7) lib/webpacker/dev_server_proxy.rb:29:in `perform_request'
rack-proxy (0.6.5) lib/rack/proxy.rb:57:in `call'
railties (6.0.0) lib/rails/engine.rb:526:in `call'
puma (3.12.1) lib/puma/configuration.rb:227:in `call'
puma (3.12.1) lib/puma/server.rb:660:in `handle_request'
puma (3.12.1) lib/puma/server.rb:474:in `process_client'
puma (3.12.1) lib/puma/server.rb:334:in `block in run'
puma (3.12.1) lib/puma/thread_pool.rb:135:in `block in spawn_thread'
Started GET "/" for ::1 at 2019-10-24 12:17:17 -0700
  
ActiveRecord::NoDatabaseError (FATAL:  database "app_development" does not exist
):
  
activerecord (6.0.0) lib/active_record/connection_adapters/postgresql_adapter.rb:50:in `rescue in postgresql_connection'
activerecord (6.0.0) lib/active_record/connection_adapters/postgresql_adapter.rb:33:in `postgresql_connection'
activerecord (6.0.0) lib/active_record/connection_adapters/abstract/connection_pool.rb:879:in `new_connection'
activerecord (6.0.0) lib/active_record/connection_adapters/abstract/connection_pool.rb:923:in `checkout_new_connection'
activerecord (6.0.0) lib/active_record/connection_adapters/abstract/connection_pool.rb:902:in `try_to_checkout_new_connection'
activerecord (6.0.0) lib/active_record/connection_adapters/abstract/connection_pool.rb:863:in `acquire_connection'
activerecord (6.0.0) lib/active_record/connection_adapters/abstract/connection_pool.rb:587:in `checkout'
activerecord (6.0.0) lib/active_record/connection_adapters/abstract/connection_pool.rb:431:in `connection'
activerecord (6.0.0) lib/active_record/connection_adapters/abstract/connection_pool.rb:1111:in `retrieve_connection'
activerecord (6.0.0) lib/active_record/connection_handling.rb:231:in `retrieve_connection'
activerecord (6.0.0) lib/active_record/connection_handling.rb:199:in `connection'
activerecord (6.0.0) lib/active_record/migration.rb:562:in `call'
actionpack (6.0.0) lib/action_dispatch/middleware/callbacks.rb:27:in `block in call'
activesupport (6.0.0) lib/active_support/callbacks.rb:101:in `run_callbacks'
actionpack (6.0.0) lib/action_dispatch/middleware/callbacks.rb:26:in `call'
actionpack (6.0.0) lib/action_dispatch/middleware/executor.rb:14:in `call'
actionpack (6.0.0) lib/action_dispatch/middleware/actionable_exceptions.rb:17:in `call'
actionpack (6.0.0) lib/action_dispatch/middleware/debug_exceptions.rb:32:in `call'
web-console (4.0.1) lib/web_console/middleware.rb:132:in `call_app'
web-console (4.0.1) lib/web_console/middleware.rb:28:in `block in call'
web-console (4.0.1) lib/web_console/middleware.rb:17:in `catch'
web-console (4.0.1) lib/web_console/middleware.rb:17:in `call'
actionpack (6.0.0) lib/action_dispatch/middleware/show_exceptions.rb:33:in `call'
railties (6.0.0) lib/rails/rack/logger.rb:38:in `call_app'
railties (6.0.0) lib/rails/rack/logger.rb:26:in `block in call'
activesupport (6.0.0) lib/active_support/tagged_logging.rb:80:in `block in tagged'
activesupport (6.0.0) lib/active_support/tagged_logging.rb:28:in `tagged'
activesupport (6.0.0) lib/active_support/tagged_logging.rb:80:in `tagged'
railties (6.0.0) lib/rails/rack/logger.rb:26:in `call'
sprockets-rails (3.2.1) lib/sprockets/rails/quiet_assets.rb:13:in `call'
actionpack (6.0.0) lib/action_dispatch/middleware/remote_ip.rb:81:in `call'
actionpack (6.0.0) lib/action_dispatch/middleware/request_id.rb:27:in `call'
rack (2.0.7) lib/rack/method_override.rb:22:in `call'
rack (2.0.7) lib/rack/runtime.rb:22:in `call'
activesupport (6.0.0) lib/active_support/cache/strategy/local_cache_middleware.rb:29:in `call'
actionpack (6.0.0) lib/action_dispatch/middleware/executor.rb:14:in `call'
actionpack (6.0.0) lib/action_dispatch/middleware/static.rb:126:in `call'
rack (2.0.7) lib/rack/sendfile.rb:111:in `call'
actionpack (6.0.0) lib/action_dispatch/middleware/host_authorization.rb:83:in `call'
webpacker (4.0.7) lib/webpacker/dev_server_proxy.rb:29:in `perform_request'
rack-proxy (0.6.5) lib/rack/proxy.rb:57:in `call'
railties (6.0.0) lib/rails/engine.rb:526:in `call'
puma (3.12.1) lib/puma/configuration.rb:227:in `call'
puma (3.12.1) lib/puma/server.rb:660:in `handle_request'
puma (3.12.1) lib/puma/server.rb:474:in `process_client'
puma (3.12.1) lib/puma/server.rb:334:in `block in run'
puma (3.12.1) lib/puma/thread_pool.rb:135:in `block in spawn_thread'
Started GET "/" for ::1 at 2019-10-24 12:18:36 -0700
  
ActiveRecord::NoDatabaseError (FATAL:  database "app_development" does not exist
):
  
activerecord (6.0.0) lib/active_record/connection_adapters/postgresql_adapter.rb:50:in `rescue in postgresql_connection'
activerecord (6.0.0) lib/active_record/connection_adapters/postgresql_adapter.rb:33:in `postgresql_connection'
activerecord (6.0.0) lib/active_record/connection_adapters/abstract/connection_pool.rb:879:in `new_connection'
activerecord (6.0.0) lib/active_record/connection_adapters/abstract/connection_pool.rb:923:in `checkout_new_connection'
activerecord (6.0.0) lib/active_record/connection_adapters/abstract/connection_pool.rb:902:in `try_to_checkout_new_connection'
activerecord (6.0.0) lib/active_record/connection_adapters/abstract/connection_pool.rb:863:in `acquire_connection'
activerecord (6.0.0) lib/active_record/connection_adapters/abstract/connection_pool.rb:587:in `checkout'
activerecord (6.0.0) lib/active_record/connection_adapters/abstract/connection_pool.rb:431:in `connection'
activerecord (6.0.0) lib/active_record/connection_adapters/abstract/connection_pool.rb:1111:in `retrieve_connection'
activerecord (6.0.0) lib/active_record/connection_handling.rb:231:in `retrieve_connection'
activerecord (6.0.0) lib/active_record/connection_handling.rb:199:in `connection'
activerecord (6.0.0) lib/active_record/migration.rb:562:in `call'
actionpack (6.0.0) lib/action_dispatch/middleware/callbacks.rb:27:in `block in call'
activesupport (6.0.0) lib/active_support/callbacks.rb:101:in `run_callbacks'
actionpack (6.0.0) lib/action_dispatch/middleware/callbacks.rb:26:in `call'
actionpack (6.0.0) lib/action_dispatch/middleware/executor.rb:14:in `call'
actionpack (6.0.0) lib/action_dispatch/middleware/actionable_exceptions.rb:17:in `call'
actionpack (6.0.0) lib/action_dispatch/middleware/debug_exceptions.rb:32:in `call'
web-console (4.0.1) lib/web_console/middleware.rb:132:in `call_app'
web-console (4.0.1) lib/web_console/middleware.rb:28:in `block in call'
web-console (4.0.1) lib/web_console/middleware.rb:17:in `catch'
web-console (4.0.1) lib/web_console/middleware.rb:17:in `call'
actionpack (6.0.0) lib/action_dispatch/middleware/show_exceptions.rb:33:in `call'
railties (6.0.0) lib/rails/rack/logger.rb:38:in `call_app'
railties (6.0.0) lib/rails/rack/logger.rb:26:in `block in call'
activesupport (6.0.0) lib/active_support/tagged_logging.rb:80:in `block in tagged'
activesupport (6.0.0) lib/active_support/tagged_logging.rb:28:in `tagged'
activesupport (6.0.0) lib/active_support/tagged_logging.rb:80:in `tagged'
railties (6.0.0) lib/rails/rack/logger.rb:26:in `call'
sprockets-rails (3.2.1) lib/sprockets/rails/quiet_assets.rb:13:in `call'
actionpack (6.0.0) lib/action_dispatch/middleware/remote_ip.rb:81:in `call'
actionpack (6.0.0) lib/action_dispatch/middleware/request_id.rb:27:in `call'
rack (2.0.7) lib/rack/method_override.rb:22:in `call'
rack (2.0.7) lib/rack/runtime.rb:22:in `call'
activesupport (6.0.0) lib/active_support/cache/strategy/local_cache_middleware.rb:29:in `call'
actionpack (6.0.0) lib/action_dispatch/middleware/executor.rb:14:in `call'
actionpack (6.0.0) lib/action_dispatch/middleware/static.rb:126:in `call'
rack (2.0.7) lib/rack/sendfile.rb:111:in `call'
actionpack (6.0.0) lib/action_dispatch/middleware/host_authorization.rb:83:in `call'
webpacker (4.0.7) lib/webpacker/dev_server_proxy.rb:29:in `perform_request'
rack-proxy (0.6.5) lib/rack/proxy.rb:57:in `call'
railties (6.0.0) lib/rails/engine.rb:526:in `call'
puma (3.12.1) lib/puma/configuration.rb:227:in `call'
puma (3.12.1) lib/puma/server.rb:660:in `handle_request'
puma (3.12.1) lib/puma/server.rb:474:in `process_client'
puma (3.12.1) lib/puma/server.rb:334:in `block in run'
puma (3.12.1) lib/puma/thread_pool.rb:135:in `block in spawn_thread'
Started GET "/" for ::1 at 2019-10-24 12:26:09 -0700
Processing by Rails::WelcomeController#index as HTML
  Rendering /Users/rayb/.rvm/gems/ruby-2.6.5/gems/railties-6.0.0/lib/rails/templates/rails/welcome/index.html.erb
  Rendered /Users/rayb/.rvm/gems/ruby-2.6.5/gems/railties-6.0.0/lib/rails/templates/rails/welcome/index.html.erb (Duration: 7.1ms | Allocations: 310)
Completed 200 OK in 20ms (Views: 11.0ms | ActiveRecord: 0.0ms | Allocations: 1736)


Started GET "/" for ::1 at 2019-10-24 12:49:59 -0700
Processing by Rails::WelcomeController#index as HTML
  Rendering /Users/rayb/.rvm/gems/ruby-2.6.5/gems/railties-6.0.0/lib/rails/templates/rails/welcome/index.html.erb
  Rendered /Users/rayb/.rvm/gems/ruby-2.6.5/gems/railties-6.0.0/lib/rails/templates/rails/welcome/index.html.erb (Duration: 5.8ms | Allocations: 190)
Completed 200 OK in 10ms (Views: 6.5ms | ActiveRecord: 0.0ms | Allocations: 2342)


Started GET "/" for ::1 at 2019-10-24 12:50:05 -0700
Processing by Rails::WelcomeController#index as HTML
  Rendering /Users/rayb/.rvm/gems/ruby-2.6.5/gems/railties-6.0.0/lib/rails/templates/rails/welcome/index.html.erb
  Rendered /Users/rayb/.rvm/gems/ruby-2.6.5/gems/railties-6.0.0/lib/rails/templates/rails/welcome/index.html.erb (Duration: 0.3ms | Allocations: 8)
Completed 200 OK in 1ms (Views: 0.8ms | ActiveRecord: 0.0ms | Allocations: 336)


Started GET "/" for ::1 at 2019-10-24 12:52:27 -0700
Processing by WelcomeController#index as HTML
  Rendering welcome/index.html.erb within layouts/application
  Rendered welcome/index.html.erb within layouts/application (Duration: 0.5ms | Allocations: 81)
[Webpacker] Compiling…
[Webpacker] Compilation failed:
error Command "webpack" not found.

Completed 500 Internal Server Error in 1420ms (ActiveRecord: 0.0ms | Allocations: 297105)


  
ActionView::Template::Error (Webpacker can't find application in /Users/rayb/Documents/Projects/scorepark/public/packs/manifest.json. Possible causes:
1. You want to set webpacker.yml value of compile to true for your environment
   unless you are using the `webpack -w` or the webpack-dev-server.
2. webpack has not yet re-run to reflect updates.
3. You have misconfigured Webpacker's config/webpacker.yml file.
4. Your webpack configuration is not creating a manifest.
Your manifest contains:
{
}
):
     6:     <%= csp_meta_tag %>
     7: 
     8:     <%= stylesheet_link_tag 'application', media: 'all', 'data-turbolinks-track': 'reload' %>
     9:     <%= javascript_pack_tag 'application', 'data-turbolinks-track': 'reload' %>
    10:   </head>
    11: 
    12:   <body>
  
app/views/layouts/application.html.erb:9
Started GET "/" for ::1 at 2019-10-24 12:53:59 -0700
  
ArgumentError ('Welcome' is not a supported controller name. This can lead to potential routing problems. See https://guides.rubyonrails.org/routing.html#specifying-a-controller-to-use):
  
config/routes.rb:4:in `block in <main>'
config/routes.rb:1:in `<main>'
Started GET "/" for ::1 at 2019-10-24 12:54:07 -0700
Processing by WelcomeController#index as HTML
  Rendering welcome/index.html.erb within layouts/application
  Rendered welcome/index.html.erb within layouts/application (Duration: 0.0ms | Allocations: 5)
[Webpacker] Compiling…
[Webpacker] Compilation failed:
error Command "webpack" not found.

Completed 500 Internal Server Error in 933ms (ActiveRecord: 0.0ms | Allocations: 5288)


  
ActionView::Template::Error (Webpacker can't find application in /Users/rayb/Documents/Projects/scorepark/public/packs/manifest.json. Possible causes:
1. You want to set webpacker.yml value of compile to true for your environment
   unless you are using the `webpack -w` or the webpack-dev-server.
2. webpack has not yet re-run to reflect updates.
3. You have misconfigured Webpacker's config/webpacker.yml file.
4. Your webpack configuration is not creating a manifest.
Your manifest contains:
{
}
):
     6:     <%= csp_meta_tag %>
     7: 
     8:     <%= stylesheet_link_tag 'application', media: 'all', 'data-turbolinks-track': 'reload' %>
     9:     <%= javascript_pack_tag 'application', 'data-turbolinks-track': 'reload' %>
    10:   </head>
    11: 
    12:   <body>
  
app/views/layouts/application.html.erb:9
Started GET "/" for ::1 at 2019-10-24 12:55:21 -0700
Processing by WelcomeController#index as HTML
  Rendering welcome/index.html.erb within layouts/application
  Rendered welcome/index.html.erb within layouts/application (Duration: 0.0ms | Allocations: 4)
[Webpacker] Compiling…
[Webpacker] Compilation failed:
error Command "webpack" not found.

Completed 500 Internal Server Error in 936ms (ActiveRecord: 0.0ms | Allocations: 5084)


  
ActionView::Template::Error (Webpacker can't find application in /Users/rayb/Documents/Projects/scorepark/public/packs/manifest.json. Possible causes:
1. You want to set webpacker.yml value of compile to true for your environment
   unless you are using the `webpack -w` or the webpack-dev-server.
2. webpack has not yet re-run to reflect updates.
3. You have misconfigured Webpacker's config/webpacker.yml file.
4. Your webpack configuration is not creating a manifest.
Your manifest contains:
{
}
):
     6:     <%= csp_meta_tag %>
     7: 
     8:     <%= stylesheet_link_tag 'application', media: 'all', 'data-turbolinks-track': 'reload' %>
     9:     <%= javascript_pack_tag 'application', 'data-turbolinks-track': 'reload' %>
    10:   </head>
    11: 
    12:   <body>
  
app/views/layouts/application.html.erb:9
Started GET "/" for ::1 at 2019-10-24 12:56:17 -0700
Processing by WelcomeController#index as HTML
  Rendering welcome/index.html.erb within layouts/application
  Rendered welcome/index.html.erb within layouts/application (Duration: 0.0ms | Allocations: 4)
[Webpacker] Compiling…
[Webpacker] Compilation failed:
error Command "webpack" not found.

Completed 500 Internal Server Error in 946ms (ActiveRecord: 0.0ms | Allocations: 5083)


  
ActionView::Template::Error (Webpacker can't find application in /Users/rayb/Documents/Projects/scorepark/public/packs/manifest.json. Possible causes:
1. You want to set webpacker.yml value of compile to true for your environment
   unless you are using the `webpack -w` or the webpack-dev-server.
2. webpack has not yet re-run to reflect updates.
3. You have misconfigured Webpacker's config/webpacker.yml file.
4. Your webpack configuration is not creating a manifest.
Your manifest contains:
{
}
):
     6:     <%= csp_meta_tag %>
     7: 
     8:     <%= stylesheet_link_tag 'application', media: 'all', 'data-turbolinks-track': 'reload' %>
     9:     <%= javascript_pack_tag 'application', 'data-turbolinks-track': 'reload' %>
    10:   </head>
    11: 
    12:   <body>
  
app/views/layouts/application.html.erb:9
Started GET "/" for ::1 at 2019-10-24 12:56:22 -0700
Processing by WelcomeController#index as HTML
  Rendering welcome/index.html.erb within layouts/application
  Rendered welcome/index.html.erb within layouts/application (Duration: 0.0ms | Allocations: 4)
[Webpacker] Compiling…
[Webpacker] Compilation failed:
error Command "webpack" not found.

Completed 500 Internal Server Error in 929ms (ActiveRecord: 0.0ms | Allocations: 5080)


  
ActionView::Template::Error (Webpacker can't find application in /Users/rayb/Documents/Projects/scorepark/public/packs/manifest.json. Possible causes:
1. You want to set webpacker.yml value of compile to true for your environment
   unless you are using the `webpack -w` or the webpack-dev-server.
2. webpack has not yet re-run to reflect updates.
3. You have misconfigured Webpacker's config/webpacker.yml file.
4. Your webpack configuration is not creating a manifest.
Your manifest contains:
{
}
):
     6:     <%= csp_meta_tag %>
     7: 
     8:     <%= stylesheet_link_tag 'application', media: 'all', 'data-turbolinks-track': 'reload' %>
     9:     <%= javascript_pack_tag 'application', 'data-turbolinks-track': 'reload' %>
    10:   </head>
    11: 
    12:   <body>
  
app/views/layouts/application.html.erb:9
Started GET "/" for ::1 at 2019-10-24 12:56:39 -0700
Processing by Rails::WelcomeController#index as HTML
  Rendering /Users/rayb/.rvm/gems/ruby-2.6.5/gems/railties-6.0.0/lib/rails/templates/rails/welcome/index.html.erb
  Rendered /Users/rayb/.rvm/gems/ruby-2.6.5/gems/railties-6.0.0/lib/rails/templates/rails/welcome/index.html.erb (Duration: 0.2ms | Allocations: 7)
Completed 200 OK in 3ms (Views: 0.8ms | ActiveRecord: 0.0ms | Allocations: 1804)


Started GET "/" for ::1 at 2019-10-24 12:57:57 -0700
Processing by Rails::WelcomeController#index as HTML
  Rendering /Users/rayb/.rvm/gems/ruby-2.6.5/gems/railties-6.0.0/lib/rails/templates/rails/welcome/index.html.erb
  Rendered /Users/rayb/.rvm/gems/ruby-2.6.5/gems/railties-6.0.0/lib/rails/templates/rails/welcome/index.html.erb (Duration: 6.2ms | Allocations: 310)
Completed 200 OK in 16ms (Views: 9.7ms | ActiveRecord: 0.0ms | Allocations: 1737)


Started GET "/" for ::1 at 2019-10-24 12:58:20 -0700
Processing by WelcomeController#index as HTML
  Rendering welcome/index.html.erb within layouts/application
  Rendered welcome/index.html.erb within layouts/application (Duration: 0.3ms | Allocations: 81)
[Webpacker] Compiling…
[Webpacker] Compilation failed:
error Command "webpack" not found.

Completed 500 Internal Server Error in 1044ms (ActiveRecord: 0.0ms | Allocations: 292739)


  
ActionView::Template::Error (Webpacker can't find application in /Users/rayb/Documents/Projects/scorepark/public/packs/manifest.json. Possible causes:
1. You want to set webpacker.yml value of compile to true for your environment
   unless you are using the `webpack -w` or the webpack-dev-server.
2. webpack has not yet re-run to reflect updates.
3. You have misconfigured Webpacker's config/webpacker.yml file.
4. Your webpack configuration is not creating a manifest.
Your manifest contains:
{
}
):
     6:     <%= csp_meta_tag %>
     7: 
     8:     <%= stylesheet_link_tag 'application', media: 'all', 'data-turbolinks-track': 'reload' %>
     9:     <%= javascript_pack_tag 'application', 'data-turbolinks-track': 'reload' %>
    10:   </head>
    11: 
    12:   <body>
  
app/views/layouts/application.html.erb:9
Started GET "/" for ::1 at 2019-10-24 12:58:32 -0700
Processing by WelcomeController#index as HTML
  Rendering welcome/index.html.erb within layouts/application
  Rendered welcome/index.html.erb within layouts/application (Duration: 0.5ms | Allocations: 201)
[Webpacker] Compiling…
[Webpacker] Compilation failed:
error Command "webpack" not found.

Completed 500 Internal Server Error in 1077ms (ActiveRecord: 0.0ms | Allocations: 291083)


  
ActionView::Template::Error (Webpacker can't find application in /Users/rayb/Documents/Projects/scorepark/public/packs/manifest.json. Possible causes:
1. You want to set webpacker.yml value of compile to true for your environment
   unless you are using the `webpack -w` or the webpack-dev-server.
2. webpack has not yet re-run to reflect updates.
3. You have misconfigured Webpacker's config/webpacker.yml file.
4. Your webpack configuration is not creating a manifest.
Your manifest contains:
{
}
):
     6:     <%= csp_meta_tag %>
     7: 
     8:     <%= stylesheet_link_tag 'application', media: 'all', 'data-turbolinks-track': 'reload' %>
     9:     <%= javascript_pack_tag 'application', 'data-turbolinks-track': 'reload' %>
    10:   </head>
    11: 
    12:   <body>
  
app/views/layouts/application.html.erb:9
Started GET "/" for ::1 at 2019-10-24 13:58:09 -0700
Processing by WelcomeController#index as HTML
  Rendering welcome/index.html.erb within layouts/application
  Rendered welcome/index.html.erb within layouts/application (Duration: 0.0ms | Allocations: 5)
[Webpacker] Compiling…
[Webpacker] Compilation failed:
error Command "webpack" not found.

Completed 500 Internal Server Error in 1412ms (ActiveRecord: 0.0ms | Allocations: 5112)


  
ActionView::Template::Error (Webpacker can't find application in /Users/rayb/Documents/Projects/scorepark/public/packs/manifest.json. Possible causes:
1. You want to set webpacker.yml value of compile to true for your environment
   unless you are using the `webpack -w` or the webpack-dev-server.
2. webpack has not yet re-run to reflect updates.
3. You have misconfigured Webpacker's config/webpacker.yml file.
4. Your webpack configuration is not creating a manifest.
Your manifest contains:
{
}
):
     6:     <%= csp_meta_tag %>
     7: 
     8:     <%= stylesheet_link_tag 'application', media: 'all', 'data-turbolinks-track': 'reload' %>
     9:     <%= javascript_pack_tag 'application', 'data-turbolinks-track': 'reload' %>
    10:   </head>
    11: 
    12:   <body>
  
app/views/layouts/application.html.erb:9
Started GET "/" for ::1 at 2019-10-24 13:58:43 -0700
Processing by WelcomeController#index as HTML
  Rendering welcome/index.html.erb within layouts/application
  Rendered welcome/index.html.erb within layouts/application (Duration: 0.0ms | Allocations: 5)
[Webpacker] Compiling…
[Webpacker] Compilation failed:
error Command "webpack" not found.

Completed 500 Internal Server Error in 954ms (ActiveRecord: 0.0ms | Allocations: 5087)


  
ActionView::Template::Error (Webpacker can't find application in /Users/rayb/Documents/Projects/scorepark/public/packs/manifest.json. Possible causes:
1. You want to set webpacker.yml value of compile to true for your environment
   unless you are using the `webpack -w` or the webpack-dev-server.
2. webpack has not yet re-run to reflect updates.
3. You have misconfigured Webpacker's config/webpacker.yml file.
4. Your webpack configuration is not creating a manifest.
Your manifest contains:
{
}
):
     6:     <%= csp_meta_tag %>
     7: 
     8:     <%= stylesheet_link_tag 'application', media: 'all', 'data-turbolinks-track': 'reload' %>
     9:     <%= javascript_pack_tag 'application', 'data-turbolinks-track': 'reload' %>
    10:   </head>
    11: 
    12:   <body>
  
app/views/layouts/application.html.erb:9
Started GET "/" for ::1 at 2019-10-24 13:58:48 -0700
Processing by WelcomeController#index as HTML
  Rendering welcome/index.html.erb within layouts/application
  Rendered welcome/index.html.erb within layouts/application (Duration: 0.1ms | Allocations: 5)
[Webpacker] Compiling…
[Webpacker] Compilation failed:
error Command "webpack" not found.

Completed 500 Internal Server Error in 943ms (ActiveRecord: 0.0ms | Allocations: 5084)


  
ActionView::Template::Error (Webpacker can't find application in /Users/rayb/Documents/Projects/scorepark/public/packs/manifest.json. Possible causes:
1. You want to set webpacker.yml value of compile to true for your environment
   unless you are using the `webpack -w` or the webpack-dev-server.
2. webpack has not yet re-run to reflect updates.
3. You have misconfigured Webpacker's config/webpacker.yml file.
4. Your webpack configuration is not creating a manifest.
Your manifest contains:
{
}
):
     6:     <%= csp_meta_tag %>
     7: 
     8:     <%= stylesheet_link_tag 'application', media: 'all', 'data-turbolinks-track': 'reload' %>
     9:     <%= javascript_pack_tag 'application', 'data-turbolinks-track': 'reload' %>
    10:   </head>
    11: 
    12:   <body>
  
app/views/layouts/application.html.erb:9
Started GET "/" for ::1 at 2019-10-24 13:59:01 -0700
Processing by WelcomeController#index as HTML
  Rendering welcome/index.html.erb within layouts/application
  Rendered welcome/index.html.erb within layouts/application (Duration: 0.0ms | Allocations: 5)
[Webpacker] Compiling…
[Webpacker] Compilation failed:
error Command "webpack" not found.

Completed 500 Internal Server Error in 1002ms (ActiveRecord: 0.0ms | Allocations: 5087)


  
ActionView::Template::Error (Webpacker can't find application in /Users/rayb/Documents/Projects/scorepark/public/packs/manifest.json. Possible causes:
1. You want to set webpacker.yml value of compile to true for your environment
   unless you are using the `webpack -w` or the webpack-dev-server.
2. webpack has not yet re-run to reflect updates.
3. You have misconfigured Webpacker's config/webpacker.yml file.
4. Your webpack configuration is not creating a manifest.
Your manifest contains:
{
}
):
     6:     <%= csp_meta_tag %>
     7: 
     8:     <%= stylesheet_link_tag 'application', media: 'all', 'data-turbolinks-track': 'reload' %>
     9:     <%= javascript_pack_tag 'application', 'data-turbolinks-track': 'reload' %>
    10:   </head>
    11: 
    12:   <body>
  
app/views/layouts/application.html.erb:9
Started GET "/" for ::1 at 2019-10-24 13:59:21 -0700
Processing by WelcomeController#index as HTML
  Rendering welcome/index.html.erb within layouts/application
  Rendered welcome/index.html.erb within layouts/application (Duration: 0.0ms | Allocations: 4)
[Webpacker] Compiling…
[Webpacker] Compilation failed:
error Command "webpack" not found.

Completed 500 Internal Server Error in 963ms (ActiveRecord: 0.0ms | Allocations: 5080)


  
ActionView::Template::Error (Webpacker can't find application in /Users/rayb/Documents/Projects/scorepark/public/packs/manifest.json. Possible causes:
1. You want to set webpacker.yml value of compile to true for your environment
   unless you are using the `webpack -w` or the webpack-dev-server.
2. webpack has not yet re-run to reflect updates.
3. You have misconfigured Webpacker's config/webpacker.yml file.
4. Your webpack configuration is not creating a manifest.
Your manifest contains:
{
}
):
     6:     <%= csp_meta_tag %>
     7: 
     8:     <%= stylesheet_link_tag 'application', media: 'all', 'data-turbolinks-track': 'reload' %>
     9:     <%= javascript_pack_tag 'application', 'data-turbolinks-track': 'reload' %>
    10:   </head>
    11: 
    12:   <body>
  
app/views/layouts/application.html.erb:9
Started GET "/" for ::1 at 2019-10-24 13:59:54 -0700
Processing by WelcomeController#index as HTML
  Rendering welcome/index.html.erb within layouts/application
  Rendered welcome/index.html.erb within layouts/application (Duration: 0.1ms | Allocations: 4)
[Webpacker] Compiling…
[Webpacker] Compilation failed:
error Command "webpack" not found.

Completed 500 Internal Server Error in 969ms (ActiveRecord: 0.0ms | Allocations: 5080)


  
ActionView::Template::Error (Webpacker can't find application in /Users/rayb/Documents/Projects/scorepark/public/packs/manifest.json. Possible causes:
1. You want to set webpacker.yml value of compile to true for your environment
   unless you are using the `webpack -w` or the webpack-dev-server.
2. webpack has not yet re-run to reflect updates.
3. You have misconfigured Webpacker's config/webpacker.yml file.
4. Your webpack configuration is not creating a manifest.
Your manifest contains:
{
}
):
     6:     <%= csp_meta_tag %>
     7: 
     8:     <%= stylesheet_link_tag 'application', media: 'all', 'data-turbolinks-track': 'reload' %>
     9:     <%= javascript_pack_tag 'application', 'data-turbolinks-track': 'reload' %>
    10:   </head>
    11: 
    12:   <body>
  
app/views/layouts/application.html.erb:9
Started GET "/" for ::1 at 2019-10-24 15:39:59 -0700
Processing by WelcomeController#index as HTML
  Rendering welcome/index.html.erb within layouts/application
  Rendered welcome/index.html.erb within layouts/application (Duration: 1.2ms | Allocations: 201)
Completed 500 Internal Server Error in 190ms (ActiveRecord: 0.0ms | Allocations: 289893)


  
ActionView::Template::Error (Webpacker can't find application in /Users/rayb/Documents/Projects/scorepark/public/packs/manifest.json. Possible causes:
1. You want to set webpacker.yml value of compile to true for your environment
   unless you are using the `webpack -w` or the webpack-dev-server.
2. webpack has not yet re-run to reflect updates.
3. You have misconfigured Webpacker's config/webpacker.yml file.
4. Your webpack configuration is not creating a manifest.
Your manifest contains:
{
}
):
     6:     <%= csp_meta_tag %>
     7: 
     8:     <%= stylesheet_link_tag 'application', media: 'all', 'data-turbolinks-track': 'reload' %>
     9:     <%= javascript_pack_tag 'application', 'data-turbolinks-track': 'reload' %>
    10:   </head>
    11: 
    12:   <body>
  
app/views/layouts/application.html.erb:9
Started GET "/" for ::1 at 2019-10-24 20:17:42 -0700
Processing by WelcomeController#index as HTML
  Rendering welcome/index.html.erb within layouts/application
  Rendered welcome/index.html.erb within layouts/application (Duration: 0.0ms | Allocations: 5)
Completed 500 Internal Server Error in 27ms (ActiveRecord: 0.0ms | Allocations: 3954)


  
ActionView::Template::Error (Webpacker can't find application in /Users/rayb/Documents/Projects/scorepark/public/packs/manifest.json. Possible causes:
1. You want to set webpacker.yml value of compile to true for your environment
   unless you are using the `webpack -w` or the webpack-dev-server.
2. webpack has not yet re-run to reflect updates.
3. You have misconfigured Webpacker's config/webpacker.yml file.
4. Your webpack configuration is not creating a manifest.
Your manifest contains:
{
}
):
     6:     <%= csp_meta_tag %>
     7: 
     8:     <%= stylesheet_link_tag 'application', media: 'all', 'data-turbolinks-track': 'reload' %>
     9:     <%= javascript_pack_tag 'application', 'data-turbolinks-track': 'reload' %>
    10:   </head>
    11: 
    12:   <body>
  
app/views/layouts/application.html.erb:9
Started GET "/" for ::1 at 2019-10-24 20:17:44 -0700
Processing by WelcomeController#index as HTML
  Rendering welcome/index.html.erb within layouts/application
  Rendered welcome/index.html.erb within layouts/application (Duration: 0.0ms | Allocations: 5)
Completed 500 Internal Server Error in 5ms (ActiveRecord: 0.0ms | Allocations: 3926)


  
ActionView::Template::Error (Webpacker can't find application in /Users/rayb/Documents/Projects/scorepark/public/packs/manifest.json. Possible causes:
1. You want to set webpacker.yml value of compile to true for your environment
   unless you are using the `webpack -w` or the webpack-dev-server.
2. webpack has not yet re-run to reflect updates.
3. You have misconfigured Webpacker's config/webpacker.yml file.
4. Your webpack configuration is not creating a manifest.
Your manifest contains:
{
}
):
     6:     <%= csp_meta_tag %>
     7: 
     8:     <%= stylesheet_link_tag 'application', media: 'all', 'data-turbolinks-track': 'reload' %>
     9:     <%= javascript_pack_tag 'application', 'data-turbolinks-track': 'reload' %>
    10:   </head>
    11: 
    12:   <body>
  
app/views/layouts/application.html.erb:9
Started GET "/" for ::1 at 2019-10-24 20:21:05 -0700
Processing by WelcomeController#index as HTML
  Rendering welcome/index.html.erb within layouts/application
  Rendered welcome/index.html.erb within layouts/application (Duration: 0.0ms | Allocations: 4)
Completed 500 Internal Server Error in 7ms (ActiveRecord: 0.0ms | Allocations: 3920)


  
ActionView::Template::Error (Webpacker can't find application in /Users/rayb/Documents/Projects/scorepark/public/packs/manifest.json. Possible causes:
1. You want to set webpacker.yml value of compile to true for your environment
   unless you are using the `webpack -w` or the webpack-dev-server.
2. webpack has not yet re-run to reflect updates.
3. You have misconfigured Webpacker's config/webpacker.yml file.
4. Your webpack configuration is not creating a manifest.
Your manifest contains:
{
}
):
     6:     <%= csp_meta_tag %>
     7: 
     8:     <%= stylesheet_link_tag 'application', media: 'all', 'data-turbolinks-track': 'reload' %>
     9:     <%= javascript_pack_tag 'application', 'data-turbolinks-track': 'reload' %>
    10:   </head>
    11: 
    12:   <body>
  
app/views/layouts/application.html.erb:9
Started POST "/__web_console/repl_sessions/8f08fc4c693d8dc61c1c6f10e5554fb2/trace" for ::1 at 2019-10-24 20:23:16 -0700
Started POST "/__web_console/repl_sessions/8f08fc4c693d8dc61c1c6f10e5554fb2/trace" for ::1 at 2019-10-24 20:23:21 -0700
Started POST "/__web_console/repl_sessions/8f08fc4c693d8dc61c1c6f10e5554fb2/trace" for ::1 at 2019-10-24 20:23:22 -0700
Started POST "/__web_console/repl_sessions/8f08fc4c693d8dc61c1c6f10e5554fb2/trace" for ::1 at 2019-10-24 20:23:25 -0700
Started GET "/" for ::1 at 2019-10-24 20:25:12 -0700
Processing by Rails::WelcomeController#index as HTML
  Rendering /Users/rayb/.rvm/gems/ruby-2.6.5/gems/railties-6.0.0/lib/rails/templates/rails/welcome/index.html.erb
  Rendered /Users/rayb/.rvm/gems/ruby-2.6.5/gems/railties-6.0.0/lib/rails/templates/rails/welcome/index.html.erb (Duration: 5.4ms | Allocations: 189)
Completed 200 OK in 8ms (Views: 6.0ms | ActiveRecord: 0.0ms | Allocations: 1243)


Started GET "/" for ::1 at 2019-10-24 20:32:57 -0700
Processing by Rails::WelcomeController#index as HTML
  Rendering /Users/rayb/.rvm/gems/ruby-2.6.5/gems/railties-6.0.0/lib/rails/templates/rails/welcome/index.html.erb
  Rendered /Users/rayb/.rvm/gems/ruby-2.6.5/gems/railties-6.0.0/lib/rails/templates/rails/welcome/index.html.erb (Duration: 7.4ms | Allocations: 310)
Completed 200 OK in 18ms (Views: 11.6ms | ActiveRecord: 0.0ms | Allocations: 1737)


Started GET "/" for ::1 at 2019-10-24 20:33:06 -0700
Processing by WelcomeController#index as HTML
  Rendering welcome/index.html.erb within layouts/application
  Rendered welcome/index.html.erb within layouts/application (Duration: 2.1ms | Allocations: 81)
Completed 500 Internal Server Error in 141ms (ActiveRecord: 0.0ms | Allocations: 289057)


  
ActionView::Template::Error (Webpacker can't find application in /Users/rayb/Documents/Projects/scorepark/public/packs/manifest.json. Possible causes:
1. You want to set webpacker.yml value of compile to true for your environment
   unless you are using the `webpack -w` or the webpack-dev-server.
2. webpack has not yet re-run to reflect updates.
3. You have misconfigured Webpacker's config/webpacker.yml file.
4. Your webpack configuration is not creating a manifest.
Your manifest contains:
{
}
):
     6:     <%= csp_meta_tag %>
     7: 
     8:     <%= stylesheet_link_tag 'application', media: 'all', 'data-turbolinks-track': 'reload' %>
     9:     <%= javascript_pack_tag 'application', 'data-turbolinks-track': 'reload' %>
    10:   </head>
    11: 
    12:   <body>
  
app/views/layouts/application.html.erb:9
Started GET "/" for ::1 at 2019-10-24 20:34:49 -0700
Processing by Rails::WelcomeController#index as HTML
  Rendering /Users/rayb/.rvm/gems/ruby-2.6.5/gems/railties-6.0.0/lib/rails/templates/rails/welcome/index.html.erb
  Rendered /Users/rayb/.rvm/gems/ruby-2.6.5/gems/railties-6.0.0/lib/rails/templates/rails/welcome/index.html.erb (Duration: 6.0ms | Allocations: 184)
Completed 200 OK in 9ms (Views: 6.9ms | ActiveRecord: 0.0ms | Allocations: 2304)


